# JRE version: Java(TM) SE Runtime Environment (9.0+11) (build 9.0.1+11)
# Java VM: Java HotSpot(TM) 64-Bit Server VM (9.0.1+11, mixed mode, tiered, compressed oops, g1 gc, linux-amd64)
Heap:
 garbage-first heap   total 340992K, used 76114K [0x00000000c0000000, 0x00000000c0100a68, 0x0000000100000000)
  region size 1024K, 1 young (1024K), 1 survivors (1024K)
 Metaspace       used 62033K, capacity 63754K, committed 64000K, reserved 1105920K
  class space    used 7958K, capacity 8322K, committed 8448K, reserved 1048576K
GC Heap History (10 events):
Event: 217.822 GC heap after
{Heap after GC invocations=117 (full 0):
 garbage-first heap   total 113664K, used 75763K [0x00000000c0000000, 0x00000000c0100378, 0x0000000100000000)
  region size 1024K, 2 young (2048K), 2 survivors (2048K)
 Metaspace       used 61954K, capacity 63626K, committed 64000K, reserved 1105920K
  class space    used 7957K, capacity 8322K, committed 8448K, reserved 1048576K
}
Event: 231.022 GC heap before
{Heap before GC invocations=118 (full 0):
 garbage-first heap   total 113664K, used 87027K [0x00000000c0000000, 0x00000000c0100378, 0x0000000100000000)
  region size 1024K, 9 young (9216K), 2 survivors (2048K)
 Metaspace       used 61981K, capacity 63690K, committed 64000K, reserved 1105920K
  class space    used 7957K, capacity 8322K, committed 8448K, reserved 1048576K
}
Event: 231.441 GC heap after
{Heap after GC invocations=119 (full 0):
 garbage-first heap   total 113664K, used 75632K [0x00000000c0000000, 0x00000000c0100378, 0x0000000100000000)
  region size 1024K, 1 young (1024K), 1 survivors (1024K)
 Metaspace       used 61981K, capacity 63690K, committed 64000K, reserved 1105920K
  class space    used 7957K, capacity 8322K, committed 8448K, reserved 1048576K
}
Event: 239.368 GC heap before
{Heap before GC invocations=120 (full 0):
 garbage-first heap   total 113664K, used 82800K [0x00000000c0000000, 0x00000000c0100378, 0x0000000100000000)
  region size 1024K, 4 young (4096K), 1 survivors (1024K)
 Metaspace       used 61989K, capacity 63690K, committed 64000K, reserved 1105920K
  class space    used 7957K, capacity 8322K, committed 8448K, reserved 1048576K
}
Event: 242.869 GC heap after
{Heap after GC invocations=121 (full 0):
 garbage-first heap   total 113664K, used 75751K [0x00000000c0000000, 0x00000000c0100378, 0x0000000100000000)
  region size 1024K, 1 young (1024K), 1 survivors (1024K)
 Metaspace       used 61989K, capacity 63690K, committed 64000K, reserved 1105920K
  class space    used 7957K, capacity 8322K, committed 8448K, reserved 1048576K
}
Event: 248.558 GC heap before
{Heap before GC invocations=122 (full 0):
 garbage-first heap   total 113664K, used 84967K [0x00000000c0000000, 0x00000000c0100378, 0x0000000100000000)
  region size 1024K, 5 young (5120K), 1 survivors (1024K)
 Metaspace       used 62003K, capacity 63690K, committed 64000K, reserved 1105920K
  class space    used 7957K, capacity 8322K, committed 8448K, reserved 1048576K
}
Event: 250.979 GC heap after
{Heap after GC invocations=123 (full 0):
 garbage-first heap   total 113664K, used 76138K [0x00000000c0000000, 0x00000000c0100378, 0x0000000100000000)
  region size 1024K, 1 young (1024K), 1 survivors (1024K)
 Metaspace       used 62003K, capacity 63690K, committed 64000K, reserved 1105920K
  class space    used 7957K, capacity 8322K, committed 8448K, reserved 1048576K
}
Event: 260.879 GC heap before
{Heap before GC invocations=123 (full 0):
 garbage-first heap   total 113664K, used 80234K [0x00000000c0000000, 0x00000000c0100378, 0x0000000100000000)
  region size 1024K, 5 young (5120K), 1 survivors (1024K)
 Metaspace       used 62020K, capacity 63690K, committed 64000K, reserved 1105920K
  class space    used 7957K, capacity 8322K, committed 8448K, reserved 1048576K
}
Event: 269.170 GC heap after
{Heap after GC invocations=124 (full 0):
 garbage-first heap   total 113664K, used 75725K [0x00000000c0000000, 0x00000000c0100378, 0x0000000100000000)
  region size 1024K, 1 young (1024K), 1 survivors (1024K)
 Metaspace       used 62020K, capacity 63690K, committed 64000K, reserved 1105920K
  class space    used 7957K, capacity 8322K, committed 8448K, reserved 1048576K
}
Event: 283.625 GC heap before
{Heap before GC invocations=125 (full 0):
 garbage-first heap   total 113664K, used 84941K [0x00000000c0000000, 0x00000000c0100378, 0x0000000100000000)
  region size 1024K, 5 young (5120K), 1 survivors (1024K)
 Metaspace       used 62033K, capacity 63754K, committed 64000K, reserved 1105920K
  class space    used 7958K, capacity 8322K, committed 8448K, reserved 1048576K
}

