# JRE version: Java(TM) SE Runtime Environment (9.0+11) (build 9.0.1+11)
# Java VM: Java HotSpot(TM) 64-Bit Server VM (9.0.1+11, mixed mode, tiered, compressed oops, g1 gc, linux-amd64)
Heap:
 garbage-first heap   total 396288K, used 96372K [0x00000000c0000000, 0x00000000c0100c18, 0x0000000100000000)
  region size 1024K, 3 young (3072K), 3 survivors (3072K)
 Metaspace       used 64759K, capacity 66426K, committed 66520K, reserved 1107968K
  class space    used 7977K, capacity 8330K, committed 8408K, reserved 1048576K
GC Heap History (10 events):
Event: 382.769 GC heap after
{Heap after GC invocations=1008 (full 0):
 garbage-first heap   total 245760K, used 95784K [0x00000000c0000000, 0x00000000c0100780, 0x0000000100000000)
  region size 1024K, 2 young (2048K), 2 survivors (2048K)
 Metaspace       used 64758K, capacity 66426K, committed 66520K, reserved 1107968K
  class space    used 7977K, capacity 8330K, committed 8408K, reserved 1048576K
}
Event: 384.077 GC heap before
{Heap before GC invocations=1009 (full 0):
 garbage-first heap   total 245760K, used 129576K [0x00000000c0000000, 0x00000000c0100780, 0x0000000100000000)
  region size 1024K, 21 young (21504K), 2 survivors (2048K)
 Metaspace       used 64758K, capacity 66426K, committed 66520K, reserved 1107968K
  class space    used 7977K, capacity 8330K, committed 8408K, reserved 1048576K
}
Event: 384.106 GC heap after
{Heap after GC invocations=1010 (full 0):
 garbage-first heap   total 245760K, used 95870K [0x00000000c0000000, 0x00000000c0100780, 0x0000000100000000)
  region size 1024K, 2 young (2048K), 2 survivors (2048K)
 Metaspace       used 64758K, capacity 66426K, committed 66520K, reserved 1107968K
  class space    used 7977K, capacity 8330K, committed 8408K, reserved 1048576K
}
Event: 385.473 GC heap before
{Heap before GC invocations=1011 (full 0):
 garbage-first heap   total 245760K, used 129662K [0x00000000c0000000, 0x00000000c0100780, 0x0000000100000000)
  region size 1024K, 21 young (21504K), 2 survivors (2048K)
 Metaspace       used 64758K, capacity 66426K, committed 66520K, reserved 1107968K
  class space    used 7977K, capacity 8330K, committed 8408K, reserved 1048576K
}
Event: 385.691 GC heap after
{Heap after GC invocations=1012 (full 0):
 garbage-first heap   total 245760K, used 95911K [0x00000000c0000000, 0x00000000c0100780, 0x0000000100000000)
  region size 1024K, 2 young (2048K), 2 survivors (2048K)
 Metaspace       used 64758K, capacity 66426K, committed 66520K, reserved 1107968K
  class space    used 7977K, capacity 8330K, committed 8408K, reserved 1048576K
}
Event: 387.181 GC heap before
{Heap before GC invocations=1013 (full 0):
 garbage-first heap   total 245760K, used 129703K [0x00000000c0000000, 0x00000000c0100780, 0x0000000100000000)
  region size 1024K, 21 young (21504K), 2 survivors (2048K)
 Metaspace       used 64758K, capacity 66426K, committed 66520K, reserved 1107968K
  class space    used 7977K, capacity 8330K, committed 8408K, reserved 1048576K
}
Event: 387.241 GC heap after
{Heap after GC invocations=1014 (full 0):
 garbage-first heap   total 245760K, used 96131K [0x00000000c0000000, 0x00000000c0100780, 0x0000000100000000)
  region size 1024K, 3 young (3072K), 3 survivors (3072K)
 Metaspace       used 64758K, capacity 66426K, committed 66520K, reserved 1107968K
  class space    used 7977K, capacity 8330K, committed 8408K, reserved 1048576K
}
Event: 389.151 GC heap before
{Heap before GC invocations=1015 (full 0):
 garbage-first heap   total 245760K, used 129923K [0x00000000c0000000, 0x00000000c0100780, 0x0000000100000000)
  region size 1024K, 22 young (22528K), 3 survivors (3072K)
 Metaspace       used 64758K, capacity 66426K, committed 66520K, reserved 1107968K
  class space    used 7977K, capacity 8330K, committed 8408K, reserved 1048576K
}
Event: 389.456 GC heap after
{Heap after GC invocations=1016 (full 0):
 garbage-first heap   total 245760K, used 95835K [0x00000000c0000000, 0x00000000c0100780, 0x0000000100000000)
  region size 1024K, 2 young (2048K), 2 survivors (2048K)
 Metaspace       used 64758K, capacity 66426K, committed 66520K, reserved 1107968K
  class space    used 7977K, capacity 8330K, committed 8408K, reserved 1048576K
}
Event: 390.848 GC heap before
{Heap before GC invocations=1017 (full 0):
 garbage-first heap   total 245760K, used 126555K [0x00000000c0000000, 0x00000000c0100780, 0x0000000100000000)
  region size 1024K, 18 young (18432K), 2 survivors (2048K)
 Metaspace       used 64759K, capacity 66426K, committed 66520K, reserved 1107968K
  class space    used 7977K, capacity 8330K, committed 8408K, reserved 1048576K
}

