# JRE version: Java(TM) SE Runtime Environment (9.0+11) (build 9.0.1+11)
# Java VM: Java HotSpot(TM) 64-Bit Server VM (9.0.1+11, mixed mode, tiered, compressed oops, g1 gc, linux-amd64)
Heap:
 garbage-first heap   total 417792K, used 75671K [0x00000000c0000000, 0x00000000c0100cc0, 0x0000000100000000)
  region size 1024K, 2 young (2048K), 2 survivors (2048K)
 Metaspace       used 62472K, capacity 64158K, committed 64460K, reserved 1105920K
  class space    used 8046K, capacity 8392K, committed 8448K, reserved 1048576K
GC Heap History (10 events):
Event: 79.798 GC heap after
{Heap after GC invocations=56 (full 0):
 garbage-first heap   total 259072K, used 73264K [0x00000000c0000000, 0x00000000c01007e8, 0x0000000100000000)
  region size 1024K, 4 young (4096K), 4 survivors (4096K)
 Metaspace       used 59002K, capacity 60676K, committed 60876K, reserved 1101824K
  class space    used 7502K, capacity 7833K, committed 7936K, reserved 1048576K
}
Event: 91.055 GC heap before
{Heap before GC invocations=57 (full 0):
 garbage-first heap   total 259072K, used 202288K [0x00000000c0000000, 0x00000000c01007e8, 0x0000000100000000)
  region size 1024K, 92 young (94208K), 4 survivors (4096K)
 Metaspace       used 60533K, capacity 62174K, committed 62284K, reserved 1103872K
  class space    used 7715K, capacity 8040K, committed 8064K, reserved 1048576K
}
Event: 91.144 GC heap after
{Heap after GC invocations=58 (full 0):
 garbage-first heap   total 259072K, used 75984K [0x00000000c0000000, 0x00000000c01007e8, 0x0000000100000000)
  region size 1024K, 6 young (6144K), 6 survivors (6144K)
 Metaspace       used 60533K, capacity 62174K, committed 62284K, reserved 1103872K
  class space    used 7715K, capacity 8040K, committed 8064K, reserved 1048576K
}
Event: 139.286 GC heap before
{Heap before GC invocations=58 (full 0):
 garbage-first heap   total 259072K, used 178384K [0x00000000c0000000, 0x00000000c01007e8, 0x0000000100000000)
  region size 1024K, 101 young (103424K), 6 survivors (6144K)
 Metaspace       used 62329K, capacity 64062K, committed 64204K, reserved 1105920K
  class space    used 8012K, capacity 8360K, committed 8448K, reserved 1048576K
}
Event: 141.690 GC heap after
{Heap after GC invocations=59 (full 0):
 garbage-first heap   total 259072K, used 77113K [0x00000000c0000000, 0x00000000c01007e8, 0x0000000100000000)
  region size 1024K, 7 young (7168K), 7 survivors (7168K)
 Metaspace       used 62329K, capacity 64062K, committed 64204K, reserved 1105920K
  class space    used 8012K, capacity 8360K, committed 8448K, reserved 1048576K
}
Event: 153.335 GC heap before
{Heap before GC invocations=59 (full 0):
 garbage-first heap   total 259072K, used 82233K [0x00000000c0000000, 0x00000000c01007e8, 0x0000000100000000)
  region size 1024K, 12 young (12288K), 7 survivors (7168K)
 Metaspace       used 62348K, capacity 64062K, committed 64204K, reserved 1105920K
  class space    used 8016K, capacity 8360K, committed 8448K, reserved 1048576K
}
Event: 155.037 GC heap after
{Heap after GC invocations=60 (full 0):
 garbage-first heap   total 259072K, used 75794K [0x00000000c0000000, 0x00000000c01007e8, 0x0000000100000000)
  region size 1024K, 2 young (2048K), 2 survivors (2048K)
 Metaspace       used 62348K, capacity 64062K, committed 64204K, reserved 1105920K
  class space    used 8016K, capacity 8360K, committed 8448K, reserved 1048576K
}
Event: 170.185 GC heap before
{Heap before GC invocations=60 (full 0):
 garbage-first heap   total 259072K, used 86034K [0x00000000c0000000, 0x00000000c01007e8, 0x0000000100000000)
  region size 1024K, 12 young (12288K), 2 survivors (2048K)
 Metaspace       used 62390K, capacity 64126K, committed 64460K, reserved 1105920K
  class space    used 8024K, capacity 8360K, committed 8448K, reserved 1048576K
}
Event: 172.727 GC heap after
{Heap after GC invocations=61 (full 0):
 garbage-first heap   total 259072K, used 75599K [0x00000000c0000000, 0x00000000c01007e8, 0x0000000100000000)
  region size 1024K, 2 young (2048K), 2 survivors (2048K)
 Metaspace       used 62390K, capacity 64126K, committed 64460K, reserved 1105920K
  class space    used 8024K, capacity 8360K, committed 8448K, reserved 1048576K
}
Event: 192.803 GC heap before
{Heap before GC invocations=61 (full 0):
 garbage-first heap   total 259072K, used 85839K [0x00000000c0000000, 0x00000000c01007e8, 0x0000000100000000)
  region size 1024K, 12 young (12288K), 2 survivors (2048K)
 Metaspace       used 62472K, capacity 64158K, committed 64460K, reserved 1105920K
  class space    used 8046K, capacity 8392K, committed 8448K, reserved 1048576K
}

