# JRE version: Java(TM) SE Runtime Environment (9.0+11) (build 9.0.1+11)
# Java VM: Java HotSpot(TM) 64-Bit Server VM (9.0.1+11, mixed mode, tiered, compressed oops, g1 gc, linux-amd64)
Heap:
 garbage-first heap   total 536576K, used 78001K [0x00000000c0000000, 0x00000000c0101060, 0x0000000100000000)
  region size 1024K, 1 young (1024K), 1 survivors (1024K)
 Metaspace       used 65277K, capacity 66998K, committed 67148K, reserved 1107968K
  class space    used 8196K, capacity 8530K, committed 8576K, reserved 1048576K
GC Heap History (10 events):
Event: 204.110 GC heap after
{Heap after GC invocations=163 (full 0):
 garbage-first heap   total 199680K, used 78651K [0x00000000c0000000, 0x00000000c0100618, 0x0000000100000000)
  region size 1024K, 4 young (4096K), 4 survivors (4096K)
 Metaspace       used 65215K, capacity 66916K, committed 67148K, reserved 1107968K
  class space    used 8195K, capacity 8527K, committed 8576K, reserved 1048576K
}
Event: 204.987 GC heap before
{Heap before GC invocations=164 (full 0):
 garbage-first heap   total 199680K, used 109371K [0x00000000c0000000, 0x00000000c0100618, 0x0000000100000000)
  region size 1024K, 22 young (22528K), 4 survivors (4096K)
 Metaspace       used 65231K, capacity 66916K, committed 67148K, reserved 1107968K
  class space    used 8195K, capacity 8527K, committed 8576K, reserved 1048576K
}
Event: 205.085 GC heap after
{Heap after GC invocations=165 (full 0):
 garbage-first heap   total 239616K, used 78706K [0x00000000c0000000, 0x00000000c0100750, 0x0000000100000000)
  region size 1024K, 4 young (4096K), 4 survivors (4096K)
 Metaspace       used 65231K, capacity 66916K, committed 67148K, reserved 1107968K
  class space    used 8195K, capacity 8527K, committed 8576K, reserved 1048576K
}
Event: 209.939 GC heap before
{Heap before GC invocations=166 (full 0):
 garbage-first heap   total 239616K, used 147314K [0x00000000c0000000, 0x00000000c0100750, 0x0000000100000000)
  region size 1024K, 40 young (40960K), 4 survivors (4096K)
 Metaspace       used 65267K, capacity 66992K, committed 67148K, reserved 1107968K
  class space    used 8196K, capacity 8529K, committed 8576K, reserved 1048576K
}
Event: 211.261 GC heap after
{Heap after GC invocations=167 (full 0):
 garbage-first heap   total 239616K, used 78196K [0x00000000c0000000, 0x00000000c0100750, 0x0000000100000000)
  region size 1024K, 3 young (3072K), 3 survivors (3072K)
 Metaspace       used 65267K, capacity 66992K, committed 67148K, reserved 1107968K
  class space    used 8196K, capacity 8529K, committed 8576K, reserved 1048576K
}
Event: 214.334 GC heap before
{Heap before GC invocations=168 (full 0):
 garbage-first heap   total 239616K, used 93556K [0x00000000c0000000, 0x00000000c0100750, 0x0000000100000000)
  region size 1024K, 11 young (11264K), 3 survivors (3072K)
 Metaspace       used 65274K, capacity 66998K, committed 67148K, reserved 1107968K
  class space    used 8196K, capacity 8530K, committed 8576K, reserved 1048576K
}
Event: 214.686 GC heap after
{Heap after GC invocations=169 (full 0):
 garbage-first heap   total 239616K, used 77332K [0x00000000c0000000, 0x00000000c0100750, 0x0000000100000000)
  region size 1024K, 1 young (1024K), 1 survivors (1024K)
 Metaspace       used 65274K, capacity 66998K, committed 67148K, reserved 1107968K
  class space    used 8196K, capacity 8530K, committed 8576K, reserved 1048576K
}
Event: 218.884 GC heap before
{Heap before GC invocations=169 (full 0):
 garbage-first heap   total 239616K, used 96788K [0x00000000c0000000, 0x00000000c0100750, 0x0000000100000000)
  region size 1024K, 11 young (11264K), 1 survivors (1024K)
 Metaspace       used 65274K, capacity 66998K, committed 67148K, reserved 1107968K
  class space    used 8196K, capacity 8530K, committed 8576K, reserved 1048576K
}
Event: 219.116 GC heap after
{Heap after GC invocations=170 (full 0):
 garbage-first heap   total 239616K, used 77973K [0x00000000c0000000, 0x00000000c0100750, 0x0000000100000000)
  region size 1024K, 2 young (2048K), 2 survivors (2048K)
 Metaspace       used 65274K, capacity 66998K, committed 67148K, reserved 1107968K
  class space    used 8196K, capacity 8530K, committed 8576K, reserved 1048576K
}
Event: 221.684 GC heap before
{Heap before GC invocations=170 (full 0):
 garbage-first heap   total 239616K, used 100501K [0x00000000c0000000, 0x00000000c0100750, 0x0000000100000000)
  region size 1024K, 11 young (11264K), 2 survivors (2048K)
 Metaspace       used 65277K, capacity 66998K, committed 67148K, reserved 1107968K
  class space    used 8196K, capacity 8530K, committed 8576K, reserved 1048576K
}

